#
# A fatal error has been detected by the Java Runtime Environment:
#
#  EXCEPTION_ACCESS_VIOLATION (0xc0000005) at pc=0x0000000058643b6b, pid=5708, tid=844
#
# JRE version: Java(TM) SE Runtime Environment (7.0_65-b19) (build 1.7.0_65-b19)
# Java VM: Java HotSpot(TM) 64-Bit Server VM (24.65-b04 mixed mode windows-amd64 compressed oops)
# Problematic frame:
# V  [jvm.dll+0x143b6b]
#
# Failed to write core dump. Minidumps are not enabled by default on client versions of Windows
#
# If you would like to submit a bug report, please visit:
#   http://bugreport.sun.com/bugreport/crash.jsp
#

---------------  T H R E A D  ---------------

Current thread (0x0000000011185000):  JavaThread "JDWP Transport Listener: dt_socket" daemon [_thread_in_vm, id=844, stack(0x0000000011b40000,0x0000000011c40000)]

siginfo: ExceptionCode=0xc0000005, reading address 0x0000000000003b65

Registers:
RAX=0x0000000011c3f401, RBX=0x0000000011185000, RCX=0x0000000000003b65, RDX=0x0000000000000000
RSP=0x0000000011c3f450, RBP=0x0000000000003b65, RSI=0x0000000011c3f568, RDI=0x0000000001d6b300
R8 =0x0000000011185000, R9 =0x0000000000000700, R10=0x4c5b3b676e697274, R11=0x00000000144b663a
R12=0x0000000000000000, R13=0x0000000001f5ebc8, R14=0x0000000000000000, R15=0x0000000000000000
RIP=0x0000000058643b6b, EFLAGS=0x0000000000010206

Top of Stack: (sp=0x0000000011c3f450)
0x0000000011c3f450:   0000000011185000 000000000000000d
0x0000000011c3f460:   0000000011c3f518 00000000587e4dd9
0x0000000011c3f470:   0000000011185000 0000000058802982
0x0000000011c3f480:   000000000000006f 000000005a278e8d
0x0000000011c3f490:   0000000001f6c1e0 000000005a282666
0x0000000011c3f4a0:   0000000011185000 0000000000000000
0x0000000011c3f4b0:   0000000000000000 0000000000000000
0x0000000011c3f4c0:   0000000000003b65 000000005a28175d
0x0000000011c3f4d0:   0000000011c3f568 0000000011c3f540
0x0000000011c3f4e0:   0000000000000001 0000000001f6c1e0
0x0000000011c3f4f0:   0000000000003b65 000000005a2653b3
0x0000000011c3f500:   0000000011c3f630 0000000000000001
0x0000000011c3f510:   0000000000000001 0000000001f6c1e0
0x0000000011c3f520:   000000000000000a 0000000000000000
0x0000000011c3f530:   0000000000000000 0000000000000000
0x0000000011c3f540:   0000000000000001 000000005a265571 

Instructions: (pc=0x0000000058643b6b)
0x0000000058643b4b:   48 8b 5c 24 30 48 89 47 18 48 83 c4 20 5f c3 cc
0x0000000058643b5b:   cc cc cc cc cc 40 53 48 83 ec 20 48 85 c9 74 54
0x0000000058643b6b:   48 8b 19 48 85 db 74 4c 48 b8 fe fe fe fe fe fe
0x0000000058643b7b:   fe fe 48 3b d8 74 3d 80 3d 0f 04 61 00 00 74 15 


Register to memory mapping:

RAX=0x0000000011c3f401 is pointing into the stack for thread: 0x0000000011185000
RBX=0x0000000011185000 is a thread
RCX=0x0000000000003b65 is an unknown value
RDX=0x0000000000000000 is an unknown value
RSP=0x0000000011c3f450 is pointing into the stack for thread: 0x0000000011185000
RBP=0x0000000000003b65 is an unknown value
RSI=0x0000000011c3f568 is pointing into the stack for thread: 0x0000000011185000
RDI=0x0000000001d6b300 is an unknown value
R8 =0x0000000011185000 is a thread
R9 =0x0000000000000700 is an unknown value
R10=0x4c5b3b676e697274 is an unknown value
R11=0x00000000144b663a is an unknown value
R12=0x0000000000000000 is an unknown value
R13=0x0000000001f5ebc8 is an unknown value
R14=0x0000000000000000 is an unknown value
R15=0x0000000000000000 is an unknown value


Stack: [0x0000000011b40000,0x0000000011c40000],  sp=0x0000000011c3f450,  free space=1021k
Native frames: (J=compiled Java code, j=interpreted, Vv=VM code, C=native code)
V  [jvm.dll+0x143b6b]


---------------  P R O C E S S  ---------------

Java Threads: ( => current thread )
  0x000000001136d000 JavaThread "ReaderThread" [_thread_in_native, id=8340, stack(0x0000000012a40000,0x0000000012b40000)]
  0x00000000111a3000 JavaThread "Service Thread" daemon [_thread_blocked, id=8248, stack(0x0000000012040000,0x0000000012140000)]
  0x00000000111a1000 JavaThread "C2 CompilerThread1" daemon [_thread_blocked, id=5272, stack(0x0000000011f40000,0x0000000012040000)]
  0x000000001119f800 JavaThread "C2 CompilerThread0" daemon [_thread_blocked, id=1800, stack(0x0000000011e40000,0x0000000011f40000)]
  0x000000001118c000 JavaThread "JDWP Command Reader" daemon [_thread_in_native, id=8804, stack(0x0000000011d40000,0x0000000011e40000)]
  0x000000001118b000 JavaThread "JDWP Event Helper Thread" daemon [_thread_blocked, id=9892, stack(0x0000000011c40000,0x0000000011d40000)]
=>0x0000000011185000 JavaThread "JDWP Transport Listener: dt_socket" daemon [_thread_in_vm, id=844, stack(0x0000000011b40000,0x0000000011c40000)]
  0x0000000001f61000 JavaThread "Attach Listener" daemon [_thread_blocked, id=5148, stack(0x0000000011660000,0x0000000011760000)]
  0x0000000011180800 JavaThread "Signal Dispatcher" daemon [_thread_blocked, id=7972, stack(0x0000000011560000,0x0000000011660000)]
  0x000000000f160800 JavaThread "Finalizer" daemon [_thread_blocked, id=6836, stack(0x0000000011060000,0x0000000011160000)]
  0x000000000f15a000 JavaThread "Reference Handler" daemon [_thread_blocked, id=1248, stack(0x0000000010f60000,0x0000000011060000)]
  0x0000000001e73800 JavaThread "main" [_thread_blocked, id=6028, stack(0x0000000001d70000,0x0000000001e70000)]

Other Threads:
  0x000000000f156000 VMThread [stack: 0x0000000010e60000,0x0000000010f60000] [id=6124]
  0x00000000111c1800 WatcherThread [stack: 0x0000000012140000,0x0000000012240000] [id=8844]

VM state:not at safepoint (normal execution)

VM Mutex/Monitor currently owned by a thread: None

Heap
 PSYoungGen      total 141824K, used 53399K [0x00000007ab400000, 0x00000007b4900000, 0x0000000800000000)
  eden space 131072K, 32% used [0x00000007ab400000,0x00000007addaa360,0x00000007b3400000)
  from space 10752K, 99% used [0x00000007b3e80000,0x00000007b48fb910,0x00000007b4900000)
  to   space 10752K, 0% used [0x00000007b3400000,0x00000007b3400000,0x00000007b3e80000)
 ParOldGen       total 173568K, used 39098K [0x0000000701c00000, 0x000000070c580000, 0x00000007ab400000)
  object space 173568K, 22% used [0x0000000701c00000,0x000000070422e818,0x000000070c580000)
 PSPermGen       total 21504K, used 7401K [0x00000006fca00000, 0x00000006fdf00000, 0x0000000701c00000)
  object space 21504K, 34% used [0x00000006fca00000,0x00000006fd13a7b0,0x00000006fdf00000)

Card table byte_map: [0x0000000005030000,0x0000000005850000] byte_map_base: 0x000000000184b000

Polling page: 0x00000000003f0000

Code Cache  [0x0000000001f70000, 0x00000000021e0000, 0x0000000004f70000)
 total_blobs=698 nmethods=457 adapters=201 free_code_cache=47055Kb largest_free_block=48108032

Compilation events (10 events):
Event: 16.427 Thread 0x00000000111a1000 nmethod 482 0x000000000215af90 code [0x000000000215b100, 0x000000000215b3d0]
Event: 16.427 Thread 0x00000000111a1000  483             java.util.regex.Pattern$GroupHead::match (47 bytes)
Event: 16.429 Thread 0x00000000111a1000 nmethod 483 0x0000000002041f50 code [0x00000000020420c0, 0x00000000020423a8]
Event: 16.541 Thread 0x000000001119f800 nmethod 468 0x0000000002175310 code [0x0000000002175c40, 0x0000000002181bb0]
Event: 17.810 Thread 0x00000000111a1000  484             opennlp.model.AbstractModelReader::getParameters (150 bytes)
Event: 17.812 Thread 0x000000001119f800  485             opennlp.tools.sentdetect.DefaultEndOfSentenceScanner::getPositions (89 bytes)
Event: 17.815 Thread 0x000000001119f800 nmethod 485 0x0000000002041890 code [0x0000000002041a00, 0x0000000002041cf8]
Event: 17.815 Thread 0x000000001119f800  486             java.lang.AbstractStringBuilder::substring (62 bytes)
Event: 17.819 Thread 0x000000001119f800 nmethod 486 0x00000000020410d0 code [0x0000000002041220, 0x00000000020415b8]
Event: 17.835 Thread 0x00000000111a1000 nmethod 484 0x000000000216e690 code [0x000000000216e8a0, 0x0000000002170560]

GC Heap History (8 events):
Event: 4.876 GC heap before
{Heap before GC invocations=1 (full 0):
 PSYoungGen      total 76288K, used 65536K [0x00000007ab400000, 0x00000007b0900000, 0x0000000800000000)
  eden space 65536K, 100% used [0x00000007ab400000,0x00000007af400000,0x00000007af400000)
  from space 10752K, 0% used [0x00000007afe80000,0x00000007afe80000,0x00000007b0900000)
  to   space 10752K, 0% used [0x00000007af400000,0x00000007af400000,0x00000007afe80000)
 ParOldGen       total 173568K, used 0K [0x0000000701c00000, 0x000000070c580000, 0x00000007ab400000)
  object space 173568K, 0% used [0x0000000701c00000,0x0000000701c00000,0x000000070c580000)
 PSPermGen       total 21504K, used 5951K [0x00000006fca00000, 0x00000006fdf00000, 0x0000000701c00000)
  object space 21504K, 27% used [0x00000006fca00000,0x00000006fcfcff78,0x00000006fdf00000)
Event: 4.882 GC heap after
Heap after GC invocations=1 (full 0):
 PSYoungGen      total 76288K, used 10739K [0x00000007ab400000, 0x00000007b0900000, 0x0000000800000000)
  eden space 65536K, 0% used [0x00000007ab400000,0x00000007ab400000,0x00000007af400000)
  from space 10752K, 99% used [0x00000007af400000,0x00000007afe7cd90,0x00000007afe80000)
  to   space 10752K, 0% used [0x00000007afe80000,0x00000007afe80000,0x00000007b0900000)
 ParOldGen       total 173568K, used 4856K [0x0000000701c00000, 0x000000070c580000, 0x00000007ab400000)
  object space 173568K, 2% used [0x0000000701c00000,0x00000007020be000,0x000000070c580000)
 PSPermGen       total 21504K, used 5951K [0x00000006fca00000, 0x00000006fdf00000, 0x0000000701c00000)
  object space 21504K, 27% used [0x00000006fca00000,0x00000006fcfcff78,0x00000006fdf00000)
}
Event: 5.281 GC heap before
{Heap before GC invocations=2 (full 0):
 PSYoungGen      total 76288K, used 76275K [0x00000007ab400000, 0x00000007b0900000, 0x0000000800000000)
  eden space 65536K, 100% used [0x00000007ab400000,0x00000007af400000,0x00000007af400000)
  from space 10752K, 99% used [0x00000007af400000,0x00000007afe7cd90,0x00000007afe80000)
  to   space 10752K, 0% used [0x00000007afe80000,0x00000007afe80000,0x00000007b0900000)
 ParOldGen       total 173568K, used 4856K [0x0000000701c00000, 0x000000070c580000, 0x00000007ab400000)
  object space 173568K, 2% used [0x0000000701c00000,0x00000007020be000,0x000000070c580000)
 PSPermGen       total 21504K, used 6390K [0x00000006fca00000, 0x00000006fdf00000, 0x0000000701c00000)
  object space 21504K, 29% used [0x00000006fca00000,0x00000006fd03d9d0,0x00000006fdf00000)
Event: 5.287 GC heap after
Heap after GC invocations=2 (full 0):
 PSYoungGen      total 76288K, used 10720K [0x00000007ab400000, 0x00000007b0900000, 0x0000000800000000)
  eden space 65536K, 0% used [0x00000007ab400000,0x00000007ab400000,0x00000007af400000)
  from space 10752K, 99% used [0x00000007afe80000,0x00000007b08f8090,0x00000007b0900000)
  to   space 10752K, 0% used [0x00000007af400000,0x00000007af400000,0x00000007afe80000)
 ParOldGen       total 173568K, used 6868K [0x0000000701c00000, 0x000000070c580000, 0x00000007ab400000)
  object space 173568K, 3% used [0x0000000701c00000,0x00000007022b52b0,0x000000070c580000)
 PSPermGen       total 21504K, used 6390K [0x00000006fca00000, 0x00000006fdf00000, 0x0000000701c00000)
  object space 21504K, 29% used [0x00000006fca00000,0x00000006fd03d9d0,0x00000006fdf00000)
}
Event: 5.567 GC heap before
{Heap before GC invocations=3 (full 0):
 PSYoungGen      total 76288K, used 76256K [0x00000007ab400000, 0x00000007b0900000, 0x0000000800000000)
  eden space 65536K, 100% used [0x00000007ab400000,0x00000007af400000,0x00000007af400000)
  from space 10752K, 99% used [0x00000007afe80000,0x00000007b08f8090,0x00000007b0900000)
  to   space 10752K, 0% used [0x00000007af400000,0x00000007af400000,0x00000007afe80000)
 ParOldGen       total 173568K, used 6868K [0x0000000701c00000, 0x000000070c580000, 0x00000007ab400000)
  object space 173568K, 3% used [0x0000000701c00000,0x00000007022b52b0,0x000000070c580000)
 PSPermGen       total 21504K, used 6983K [0x00000006fca00000, 0x00000006fdf00000, 0x0000000701c00000)
  object space 21504K, 32% used [0x00000006fca00000,0x00000006fd0d1fc8,0x00000006fdf00000)
Event: 5.577 GC heap after
Heap after GC invocations=3 (full 0):
 PSYoungGen      total 76288K, used 10750K [0x00000007ab400000, 0x00000007b4900000, 0x0000000800000000)
  eden space 65536K, 0% used [0x00000007ab400000,0x00000007ab400000,0x00000007af400000)
  from space 10752K, 99% used [0x00000007af400000,0x00000007afe7f920,0x00000007afe80000)
  to   space 10752K, 0% used [0x00000007b3e80000,0x00000007b3e80000,0x00000007b4900000)
 ParOldGen       total 173568K, used 25793K [0x0000000701c00000, 0x000000070c580000, 0x00000007ab400000)
  object space 173568K, 14% used [0x0000000701c00000,0x00000007035304e0,0x000000070c580000)
 PSPermGen       total 21504K, used 6983K [0x00000006fca00000, 0x00000006fdf00000, 0x0000000701c00000)
  object space 21504K, 32% used [0x00000006fca00000,0x00000006fd0d1fc8,0x00000006fdf00000)
}
Event: 5.705 GC heap before
{Heap before GC invocations=4 (full 0):
 PSYoungGen      total 76288K, used 76286K [0x00000007ab400000, 0x00000007b4900000, 0x0000000800000000)
  eden space 65536K, 100% used [0x00000007ab400000,0x00000007af400000,0x00000007af400000)
  from space 10752K, 99% used [0x00000007af400000,0x00000007afe7f920,0x00000007afe80000)
  to   space 10752K, 0% used [0x00000007b3e80000,0x00000007b3e80000,0x00000007b4900000)
 ParOldGen       total 173568K, used 25793K [0x0000000701c00000, 0x000000070c580000, 0x00000007ab400000)
  object space 173568K, 14% used [0x0000000701c00000,0x00000007035304e0,0x000000070c580000)
 PSPermGen       total 21504K, used 7082K [0x00000006fca00000, 0x00000006fdf00000, 0x0000000701c00000)
  object space 21504K, 32% used [0x00000006fca00000,0x00000006fd0eaa68,0x00000006fdf00000)
Event: 5.717 GC heap after
Heap after GC invocations=4 (full 0):
 PSYoungGen      total 141824K, used 10734K [0x00000007ab400000, 0x00000007b4900000, 0x0000000800000000)
  eden space 131072K, 0% used [0x00000007ab400000,0x00000007ab400000,0x00000007b3400000)
  from space 10752K, 99% used [0x00000007b3e80000,0x00000007b48fb910,0x00000007b4900000)
  to   space 10752K, 0% used [0x00000007b3400000,0x00000007b3400000,0x00000007b3e80000)
 ParOldGen       total 173568K, used 39098K [0x0000000701c00000, 0x000000070c580000, 0x00000007ab400000)
  object space 173568K, 22% used [0x0000000701c00000,0x000000070422e818,0x000000070c580000)
 PSPermGen       total 21504K, used 7082K [0x00000006fca00000, 0x00000006fdf00000, 0x0000000701c00000)
  object space 21504K, 32% used [0x00000006fca00000,0x00000006fd0eaa68,0x00000006fdf00000)
}

Deoptimization events (10 events):
Event: 16.315 Thread 0x0000000001e73800 Uncommon trap: reason=null_check action=make_not_entrant pc=0x000000000208c098 method=org.apache.pdfbox.pdmodel.font.PDFont.getAFM()Lorg/apache/fontbox/afm/FontMetric; @ 99
Event: 16.315 Thread 0x0000000001e73800 Uncommon trap: reason=bimorphic action=maybe_recompile pc=0x00000000021432f4 method=org.apache.pdfbox.util.PDFStreamEngine.processEncodedText([B)V @ 134
Event: 16.315 Thread 0x0000000001e73800 Uncommon trap: reason=bimorphic action=maybe_recompile pc=0x00000000021432f4 method=org.apache.pdfbox.util.PDFStreamEngine.processEncodedText([B)V @ 134
Event: 16.315 Thread 0x0000000001e73800 Uncommon trap: reason=bimorphic action=maybe_recompile pc=0x00000000021432f4 method=org.apache.pdfbox.util.PDFStreamEngine.processEncodedText([B)V @ 134
Event: 16.337 Thread 0x0000000001e73800 Uncommon trap: reason=bimorphic action=maybe_recompile pc=0x0000000001feaf60 method=java.util.regex.Pattern$Curly.match(Ljava/util/regex/Matcher;ILjava/lang/CharSequence;)Z @ 19
Event: 16.337 Thread 0x0000000001e73800 Uncommon trap: reason=bimorphic action=maybe_recompile pc=0x0000000001feaf60 method=java.util.regex.Pattern$Curly.match(Ljava/util/regex/Matcher;ILjava/lang/CharSequence;)Z @ 19
Event: 16.337 Thread 0x0000000001e73800 Uncommon trap: reason=bimorphic action=maybe_recompile pc=0x0000000001feaf60 method=java.util.regex.Pattern$Curly.match(Ljava/util/regex/Matcher;ILjava/lang/CharSequence;)Z @ 19
Event: 16.337 Thread 0x0000000001e73800 Uncommon trap: reason=bimorphic action=maybe_recompile pc=0x0000000001feaf60 method=java.util.regex.Pattern$Curly.match(Ljava/util/regex/Matcher;ILjava/lang/CharSequence;)Z @ 19
Event: 17.809 Thread 0x0000000001e73800 Uncommon trap: reason=bimorphic action=maybe_recompile pc=0x0000000002073e94 method=java.util.Properties$LineReader.readLine()I @ 402
Event: 17.809 Thread 0x0000000001e73800 Uncommon trap: reason=unreached action=reinterpret pc=0x000000000210fe04 method=java.util.zip.ZipInputStream.read([BII)I @ 38

Internal exceptions (10 events):
Event: 16.294 Thread 0x0000000001e73800 Threw 0x00000007ab9fb340 at C:\re\jdk7u65\1313\hotspot\src\share\vm\prims\jvm.cpp:1244
Event: 16.294 Thread 0x0000000001e73800 Threw 0x00000007aba018d8 at C:\re\jdk7u65\1313\hotspot\src\share\vm\prims\jvm.cpp:1244
Event: 16.295 Thread 0x0000000001e73800 Threw 0x00000007aba21be8 at C:\re\jdk7u65\1313\hotspot\src\share\vm\prims\jvm.cpp:1244
Event: 16.295 Thread 0x0000000001e73800 Threw 0x00000007aba28b38 at C:\re\jdk7u65\1313\hotspot\src\share\vm\prims\jvm.cpp:1244
Event: 16.315 Thread 0x0000000001e73800 Implicit null exception at 0x000000000208bf60 to 0x000000000208c08d
Event: 16.342 Thread 0x0000000001e73800 Threw 0x00000007ac682448 at C:\re\jdk7u65\1313\hotspot\src\share\vm\prims\jvm.cpp:1244
Event: 16.342 Thread 0x0000000001e73800 Threw 0x00000007ac6889e0 at C:\re\jdk7u65\1313\hotspot\src\share\vm\prims\jvm.cpp:1244
Event: 16.367 Thread 0x0000000001e73800 Threw 0x00000007ad297b38 at C:\re\jdk7u65\1313\hotspot\src\share\vm\prims\jvm.cpp:1244
Event: 16.367 Thread 0x0000000001e73800 Threw 0x00000007ad29e1d0 at C:\re\jdk7u65\1313\hotspot\src\share\vm\prims\jvm.cpp:1244
Event: 17.809 Thread 0x0000000001e73800 Implicit null exception at 0x000000000210faa0 to 0x000000000210fdf5

Events (10 events):
Event: 518.493 Executing VM operation: GetOrSetLocal
Event: 518.493 Executing VM operation: GetOrSetLocal done
Event: 518.494 Executing VM operation: GetOrSetLocal
Event: 518.494 Executing VM operation: GetOrSetLocal done
Event: 518.494 Executing VM operation: GetOrSetLocal
Event: 518.494 Executing VM operation: GetOrSetLocal done
Event: 518.495 Executing VM operation: GetOrSetLocal
Event: 518.495 Executing VM operation: GetOrSetLocal done
Event: 1681.933 Executing VM operation: RedefineClasses
Event: 1681.935 Executing VM operation: RedefineClasses done


Dynamic libraries:
0x000007f7649e0000 - 0x000007f764a13000 	C:\Program Files\Java\jre7\bin\javaw.exe
0x000007f9e21e0000 - 0x000007f9e239e000 	C:\Windows\SYSTEM32\ntdll.dll
0x000007f9e19f0000 - 0x000007f9e1b27000 	C:\Windows\system32\KERNEL32.DLL
0x000007f9df370000 - 0x000007f9df464000 	C:\Windows\system32\KERNELBASE.dll
0x000007f9e1d50000 - 0x000007f9e1e2e000 	C:\Windows\system32\ADVAPI32.dll
0x000007f9e1ba0000 - 0x000007f9e1cec000 	C:\Windows\system32\USER32.dll
0x000007f9dc950000 - 0x000007f9dcbba000 	C:\Windows\WinSxS\amd64_microsoft.windows.common-controls_6595b64144ccf1df_6.0.9200.16579_none_418ab7ef718b27ef\COMCTL32.dll
0x000007f9e1600000 - 0x000007f9e16a5000 	C:\Windows\system32\msvcrt.dll
0x000007f9df7f0000 - 0x000007f9df838000 	C:\Windows\SYSTEM32\sechost.dll
0x000007f9dfd70000 - 0x000007f9dfeb5000 	C:\Windows\system32\RPCRT4.dll
0x000007f9e18a0000 - 0x000007f9e19e1000 	C:\Windows\system32\GDI32.dll
0x000007f9e1ff0000 - 0x000007f9e2029000 	C:\Windows\system32\IMM32.DLL
0x000007f9e1ed0000 - 0x000007f9e1fe6000 	C:\Windows\system32\MSCTF.dll
0x000000005a2f0000 - 0x000000005a3c2000 	C:\Program Files\Java\jre7\bin\msvcr100.dll
0x0000000058500000 - 0x0000000058cd2000 	C:\Program Files\Java\jre7\bin\server\jvm.dll
0x000007f9d8de0000 - 0x000007f9d8de9000 	C:\Windows\SYSTEM32\WSOCK32.dll
0x000007f9d8040000 - 0x000007f9d8060000 	C:\Windows\SYSTEM32\WINMM.dll
0x000007f9dfd40000 - 0x000007f9dfd47000 	C:\Windows\system32\PSAPI.DLL
0x000007f9e1cf0000 - 0x000007f9e1d48000 	C:\Windows\system32\WS2_32.dll
0x000007f9d8000000 - 0x000007f9d8033000 	C:\Windows\SYSTEM32\WINMMBASE.dll
0x000007f9e1890000 - 0x000007f9e1899000 	C:\Windows\system32\NSI.dll
0x000007f9df4c0000 - 0x000007f9df50f000 	C:\Windows\SYSTEM32\cfgmgr32.dll
0x000007f9df490000 - 0x000007f9df4b2000 	C:\Windows\system32\DEVOBJ.dll
0x000000005b730000 - 0x000000005b73f000 	C:\Program Files\Java\jre7\bin\verify.dll
0x000000005b700000 - 0x000000005b728000 	C:\Program Files\Java\jre7\bin\java.dll
0x000000005a260000 - 0x000000005a295000 	C:\Program Files\Java\jre7\bin\jdwp.dll
0x000000005b6b0000 - 0x000000005b6b8000 	C:\Program Files\Java\jre7\bin\npt.dll
0x000000005b6e0000 - 0x000000005b6f5000 	C:\Program Files\Java\jre7\bin\zip.dll
0x000000005a250000 - 0x000000005a259000 	C:\Program Files\Java\jre7\bin\dt_socket.dll
0x000007f9d7fc0000 - 0x000007f9d7fd4000 	C:\Windows\system32\napinsp.dll
0x000007f9d7fa0000 - 0x000007f9d7fb8000 	C:\Windows\system32\pnrpnsp.dll
0x000007f9dd5d0000 - 0x000007f9dd5e6000 	C:\Windows\system32\NLAapi.dll
0x000007f9de930000 - 0x000007f9de98c000 	C:\Windows\System32\mswsock.dll
0x000007f9de6b0000 - 0x000007f9de748000 	C:\Windows\SYSTEM32\DNSAPI.dll
0x000007f9d7f80000 - 0x000007f9d7f92000 	C:\Windows\System32\winrnr.dll
0x000007f9d9c70000 - 0x000007f9d9cd1000 	C:\Windows\System32\fwpuclnt.dll
0x000007f9d8a60000 - 0x000007f9d8a68000 	C:\Windows\System32\rasadhlp.dll
0x000000005b6c0000 - 0x000000005b6d9000 	C:\Program Files\Java\jre7\bin\net.dll
0x000000005a0b0000 - 0x000000005a245000 	C:\Program Files\Java\jre7\bin\awt.dll
0x000007f9df9e0000 - 0x000007f9dfaa3000 	C:\Windows\system32\OLEAUT32.dll
0x000007f9e2030000 - 0x000007f9e21e0000 	C:\Windows\system32\combase.dll
0x000007f9db520000 - 0x000007f9db5bf000 	C:\Windows\system32\apphelp.dll
0x000007f9d4970000 - 0x000007f9d4ad3000 	C:\Windows\SYSTEM32\dbghelp.dll

VM Arguments:
jvm_args: -agentlib:jdwp=transport=dt_socket,suspend=y,address=localhost:50744 -Dfile.encoding=UTF-8 
java_command: org.eclipse.jdt.internal.junit.runner.RemoteTestRunner -version 3 -port 50743 -testLoaderClass org.eclipse.jdt.internal.junit4.runner.JUnit4TestLoader -loaderpluginname org.eclipse.jdt.junit4.runtime -classNames ar.edu.unlp.extractor.metadata.tesis.engine.keyword.KeywordSentenceEngineTest
Launcher Type: SUN_STANDARD

Environment Variables:
JAVA_HOME=C:\Program Files\Java\jdk1.7.0_65
PATH=C:\Program Files (x86)\Intel\iCLS Client\;C:\Program Files\Intel\iCLS Client\;C:\Windows\system32;C:\Windows;C:\Windows\System32\Wbem;C:\Windows\System32\WindowsPowerShell\v1.0\;C:\Program Files\Intel\Intel(R) Management Engine Components\DAL;C:\Program Files\Intel\Intel(R) Management Engine Components\IPT;C:\Program Files (x86)\Intel\Intel(R) Management Engine Components\DAL;C:\Program Files (x86)\Intel\Intel(R) Management Engine Components\IPT;C:\Program Files (x86)\ATI Technologies\ATI.ACE\Core-Static;C:\Program Files\Java\jdk1.7.0_65\bin;G:\Desarrollos\apps\apache-maven-3.0.5\bin;G:\Desarrollos\apps\apache-ant-1.9.3\bin;G:\Desarrollos\apps\nodejs\;G:\Desarrollos\apps\Git\cmd;G:\Desarrollos\apps\adt-bundle-windows-x86_64-20140702\sdk\tools;G:\Desarrollos\apps\adt-bundle-windows-x86_64-20140702\sdk\platform-tools;;C:\Program Files (x86)\Heroku\bin;C:\Program Files (x86)\git\cmd;C:\Program Files\Samsung\AllShare Framework DMS\1.3.23\;C:\Program Files\Samsung\AllShare Framework DMS\1.3.23\64bit\;G:\Herramientas\miktex\miktex\bin\;C:\Users\Fernando\oopsys\node_modules\loopback-connector-oracle\node_modules\instantclient\vc11;C:\Users\Fernando\oopsys\node_modules\loopback-connector-oracle\node_modules\instantclient;C:\Users\Fernando\AppData\Roaming\npm
USERNAME=Fernando
OS=Windows_NT
PROCESSOR_IDENTIFIER=Intel64 Family 6 Model 60 Stepping 3, GenuineIntel



---------------  S Y S T E M  ---------------

OS: Windows 8 , 64 bit Build 9200 

CPU:total 8 (4 cores per cpu, 2 threads per core) family 6 model 60 stepping 3, cmov, cx8, fxsr, mmx, sse, sse2, sse3, ssse3, sse4.1, sse4.2, popcnt, avx, avx2, aes, erms, ht, tsc, tscinvbit

Memory: 4k page, physical 16661632k(12499156k free), swap 19020928k(12164316k free)

vm_info: Java HotSpot(TM) 64-Bit Server VM (24.65-b04) for windows-amd64 JRE (1.7.0_65-b19), built on Jul  9 2014 17:47:07 by "java_re" with unknown MS VC++:1600

time: Sun Oct 26 13:56:58 2014
elapsed time: 1681 seconds

