#
# A fatal error has been detected by the Java Runtime Environment:
#
#  EXCEPTION_ACCESS_VIOLATION (0xc0000005) at pc=0x0000000058643b6b, pid=8804, tid=8352
#
# JRE version: Java(TM) SE Runtime Environment (7.0_65-b19) (build 1.7.0_65-b19)
# Java VM: Java HotSpot(TM) 64-Bit Server VM (24.65-b04 mixed mode windows-amd64 compressed oops)
# Problematic frame:
# V  [jvm.dll+0x143b6b]
#
# Failed to write core dump. Minidumps are not enabled by default on client versions of Windows
#
# If you would like to submit a bug report, please visit:
#   http://bugreport.sun.com/bugreport/crash.jsp
#

---------------  T H R E A D  ---------------

Current thread (0x000000000281a000):  JavaThread "JDWP Transport Listener: dt_socket" daemon [_thread_in_vm, id=8352, stack(0x0000000012460000,0x0000000012560000)]

siginfo: ExceptionCode=0xc0000005, reading address 0xffffffffffffffff

Registers:
RAX=0x000000001255f801, RBX=0x000000000281a000, RCX=0x00ac030002003b65, RDX=0x0000000000000000
RSP=0x000000001255f860, RBP=0x00ac030002003b65, RSI=0x000000001255f978, RDI=0x00000000028bb300
R8 =0x000000000281a000, R9 =0x0000000000000700, R10=0x676e697274532f67, R11=0x000000001321604b
R12=0x0000000000000000, R13=0x0000000002810b78, R14=0x0000000000000000, R15=0x0000000000000000
RIP=0x0000000058643b6b, EFLAGS=0x0000000000010206

Top of Stack: (sp=0x000000001255f860)
0x000000001255f860:   000000000281a000 000000000000000c
0x000000001255f870:   000000001255f928 00000000587e4dd9
0x000000001255f880:   000000000281a000 0000000058802982
0x000000001255f890:   000000000000004a 000000005a278e8d
0x000000001255f8a0:   0000000012bed238 000000005a282666
0x000000001255f8b0:   000000000281a000 0000000000000000
0x000000001255f8c0:   0000000000000000 0000000000000000
0x000000001255f8d0:   00ac030002003b65 000000005a28175d
0x000000001255f8e0:   000000001255f978 000000001255f950
0x000000001255f8f0:   0000000000000001 0000000012bed238
0x000000001255f900:   00ac030002003b65 000000005a2653b3
0x000000001255f910:   000000001255fa40 0000000000000001
0x000000001255f920:   0000000000000001 0000000012bed238
0x000000001255f930:   000000000000000a 0000000000000000
0x000000001255f940:   0000000000000000 0000000000000000
0x000000001255f950:   0000000000000001 000000005a265571 

Instructions: (pc=0x0000000058643b6b)
0x0000000058643b4b:   48 8b 5c 24 30 48 89 47 18 48 83 c4 20 5f c3 cc
0x0000000058643b5b:   cc cc cc cc cc 40 53 48 83 ec 20 48 85 c9 74 54
0x0000000058643b6b:   48 8b 19 48 85 db 74 4c 48 b8 fe fe fe fe fe fe
0x0000000058643b7b:   fe fe 48 3b d8 74 3d 80 3d 0f 04 61 00 00 74 15 


Register to memory mapping:

RAX=0x000000001255f801 is pointing into the stack for thread: 0x000000000281a000
RBX=0x000000000281a000 is a thread
RCX=0x00ac030002003b65 is an unknown value
RDX=0x0000000000000000 is an unknown value
RSP=0x000000001255f860 is pointing into the stack for thread: 0x000000000281a000
RBP=0x00ac030002003b65 is an unknown value
RSI=0x000000001255f978 is pointing into the stack for thread: 0x000000000281a000
RDI=0x00000000028bb300 is an unknown value
R8 =0x000000000281a000 is a thread
R9 =0x0000000000000700 is an unknown value
R10=0x676e697274532f67 is an unknown value
R11=0x000000001321604b is an unknown value
R12=0x0000000000000000 is an unknown value
R13=0x0000000002810b78 is an unknown value
R14=0x0000000000000000 is an unknown value
R15=0x0000000000000000 is an unknown value


Stack: [0x0000000012460000,0x0000000012560000],  sp=0x000000001255f860,  free space=1022k
Native frames: (J=compiled Java code, j=interpreted, Vv=VM code, C=native code)
V  [jvm.dll+0x143b6b]


---------------  P R O C E S S  ---------------

Java Threads: ( => current thread )
  0x0000000011dca000 JavaThread "ReaderThread" [_thread_in_native, id=5224, stack(0x0000000013360000,0x0000000013460000)]
  0x0000000011ac5000 JavaThread "Service Thread" daemon [_thread_blocked, id=5748, stack(0x0000000012960000,0x0000000012a60000)]
  0x0000000011ac3800 JavaThread "C2 CompilerThread1" daemon [_thread_blocked, id=7208, stack(0x0000000012860000,0x0000000012960000)]
  0x0000000011abd800 JavaThread "C2 CompilerThread0" daemon [_thread_blocked, id=9460, stack(0x0000000012760000,0x0000000012860000)]
  0x0000000011aaa000 JavaThread "JDWP Command Reader" daemon [_thread_in_native, id=9976, stack(0x0000000012660000,0x0000000012760000)]
  0x0000000011aa9000 JavaThread "JDWP Event Helper Thread" daemon [_thread_blocked, id=3840, stack(0x0000000012560000,0x0000000012660000)]
=>0x000000000281a000 JavaThread "JDWP Transport Listener: dt_socket" daemon [_thread_in_vm, id=8352, stack(0x0000000012460000,0x0000000012560000)]
  0x0000000002812000 JavaThread "Attach Listener" daemon [_thread_blocked, id=3844, stack(0x0000000011f80000,0x0000000012080000)]
  0x0000000011aa0800 JavaThread "Signal Dispatcher" daemon [_thread_blocked, id=7692, stack(0x0000000011e80000,0x0000000011f80000)]
  0x000000000fab0000 JavaThread "Finalizer" daemon [_thread_blocked, id=2376, stack(0x0000000011980000,0x0000000011a80000)]
  0x000000000faa9800 JavaThread "Reference Handler" daemon [_thread_blocked, id=7688, stack(0x0000000011880000,0x0000000011980000)]
  0x0000000002723800 JavaThread "main" [_thread_blocked, id=9360, stack(0x0000000002580000,0x0000000002680000)]

Other Threads:
  0x000000000faa6000 VMThread [stack: 0x0000000011780000,0x0000000011880000] [id=9844]
  0x0000000011ae3800 WatcherThread [stack: 0x0000000012a60000,0x0000000012b60000] [id=5804]

VM state:not at safepoint (normal execution)

VM Mutex/Monitor currently owned by a thread: None

Heap
 PSYoungGen      total 141824K, used 14665K [0x00000007ab400000, 0x00000007b4900000, 0x0000000800000000)
  eden space 131072K, 2% used [0x00000007ab400000,0x00000007ab7d2de0,0x00000007b3400000)
  from space 10752K, 99% used [0x00000007b3e80000,0x00000007b48ff920,0x00000007b4900000)
  to   space 10752K, 0% used [0x00000007b3400000,0x00000007b3400000,0x00000007b3e80000)
 ParOldGen       total 173568K, used 39800K [0x0000000701c00000, 0x000000070c580000, 0x00000007ab400000)
  object space 173568K, 22% used [0x0000000701c00000,0x00000007042de240,0x000000070c580000)
 PSPermGen       total 21504K, used 7335K [0x00000006fca00000, 0x00000006fdf00000, 0x0000000701c00000)
  object space 21504K, 34% used [0x00000006fca00000,0x00000006fd129e30,0x00000006fdf00000)

Card table byte_map: [0x0000000005980000,0x00000000061a0000] byte_map_base: 0x000000000219b000

Polling page: 0x0000000000e20000

Code Cache  [0x00000000028c0000, 0x0000000002b30000, 0x00000000058c0000)
 total_blobs=660 nmethods=419 adapters=201 free_code_cache=47329Kb largest_free_block=48362048

Compilation events (10 events):
Event: 24.847 Thread 0x0000000011ac3800  440             sun.misc.URLClassPath::getResource (74 bytes)
Event: 24.856 Thread 0x0000000011ac3800 nmethod 440 0x000000000298d3d0 code [0x000000000298d660, 0x000000000298e128]
Event: 32.444 Thread 0x0000000011abd800  441             java.lang.Character::toLowerCase (9 bytes)
Event: 32.446 Thread 0x0000000011abd800 nmethod 441 0x0000000002a6da90 code [0x0000000002a6dbe0, 0x0000000002a6dd58]
Event: 41.079 Thread 0x0000000011ac3800  442             java.lang.String::toLowerCase (431 bytes)
Event: 41.095 Thread 0x0000000011ac3800 nmethod 442 0x0000000002a805d0 code [0x0000000002a80800, 0x0000000002a81dd0]
Event: 85.498 Thread 0x0000000011abd800  443             java.util.regex.Pattern$Start::match (90 bytes)
Event: 85.499 Thread 0x0000000011ac3800  444             java.lang.AbstractStringBuilder::length (5 bytes)
Event: 85.499 Thread 0x0000000011ac3800 nmethod 444 0x000000000298d1d0 code [0x000000000298d300, 0x000000000298d358]
Event: 85.500 Thread 0x0000000011abd800 nmethod 443 0x0000000002a6ac50 code [0x0000000002a6ada0, 0x0000000002a6afb8]

GC Heap History (8 events):
Event: 14.359 GC heap before
{Heap before GC invocations=1 (full 0):
 PSYoungGen      total 76288K, used 65536K [0x00000007ab400000, 0x00000007b0900000, 0x0000000800000000)
  eden space 65536K, 100% used [0x00000007ab400000,0x00000007af400000,0x00000007af400000)
  from space 10752K, 0% used [0x00000007afe80000,0x00000007afe80000,0x00000007b0900000)
  to   space 10752K, 0% used [0x00000007af400000,0x00000007af400000,0x00000007afe80000)
 ParOldGen       total 173568K, used 0K [0x0000000701c00000, 0x000000070c580000, 0x00000007ab400000)
  object space 173568K, 0% used [0x0000000701c00000,0x0000000701c00000,0x000000070c580000)
 PSPermGen       total 21504K, used 5951K [0x00000006fca00000, 0x00000006fdf00000, 0x0000000701c00000)
  object space 21504K, 27% used [0x00000006fca00000,0x00000006fcfcfeb8,0x00000006fdf00000)
Event: 14.366 GC heap after
Heap after GC invocations=1 (full 0):
 PSYoungGen      total 76288K, used 10738K [0x00000007ab400000, 0x00000007b0900000, 0x0000000800000000)
  eden space 65536K, 0% used [0x00000007ab400000,0x00000007ab400000,0x00000007af400000)
  from space 10752K, 99% used [0x00000007af400000,0x00000007afe7cad0,0x00000007afe80000)
  to   space 10752K, 0% used [0x00000007afe80000,0x00000007afe80000,0x00000007b0900000)
 ParOldGen       total 173568K, used 4798K [0x0000000701c00000, 0x000000070c580000, 0x00000007ab400000)
  object space 173568K, 2% used [0x0000000701c00000,0x00000007020afbc8,0x000000070c580000)
 PSPermGen       total 21504K, used 5951K [0x00000006fca00000, 0x00000006fdf00000, 0x0000000701c00000)
  object space 21504K, 27% used [0x00000006fca00000,0x00000006fcfcfeb8,0x00000006fdf00000)
}
Event: 18.906 GC heap before
{Heap before GC invocations=2 (full 0):
 PSYoungGen      total 76288K, used 76274K [0x00000007ab400000, 0x00000007b0900000, 0x0000000800000000)
  eden space 65536K, 100% used [0x00000007ab400000,0x00000007af400000,0x00000007af400000)
  from space 10752K, 99% used [0x00000007af400000,0x00000007afe7cad0,0x00000007afe80000)
  to   space 10752K, 0% used [0x00000007afe80000,0x00000007afe80000,0x00000007b0900000)
 ParOldGen       total 173568K, used 4798K [0x0000000701c00000, 0x000000070c580000, 0x00000007ab400000)
  object space 173568K, 2% used [0x0000000701c00000,0x00000007020afbc8,0x000000070c580000)
 PSPermGen       total 21504K, used 6390K [0x00000006fca00000, 0x00000006fdf00000, 0x0000000701c00000)
  object space 21504K, 29% used [0x00000006fca00000,0x00000006fd03d8c8,0x00000006fdf00000)
Event: 18.913 GC heap after
Heap after GC invocations=2 (full 0):
 PSYoungGen      total 76288K, used 10736K [0x00000007ab400000, 0x00000007b0900000, 0x0000000800000000)
  eden space 65536K, 0% used [0x00000007ab400000,0x00000007ab400000,0x00000007af400000)
  from space 10752K, 99% used [0x00000007afe80000,0x00000007b08fc080,0x00000007b0900000)
  to   space 10752K, 0% used [0x00000007af400000,0x00000007af400000,0x00000007afe80000)
 ParOldGen       total 173568K, used 7597K [0x0000000701c00000, 0x000000070c580000, 0x00000007ab400000)
  object space 173568K, 4% used [0x0000000701c00000,0x000000070236b418,0x000000070c580000)
 PSPermGen       total 21504K, used 6390K [0x00000006fca00000, 0x00000006fdf00000, 0x0000000701c00000)
  object space 21504K, 29% used [0x00000006fca00000,0x00000006fd03d8c8,0x00000006fdf00000)
}
Event: 19.221 GC heap before
{Heap before GC invocations=3 (full 0):
 PSYoungGen      total 76288K, used 76272K [0x00000007ab400000, 0x00000007b0900000, 0x0000000800000000)
  eden space 65536K, 100% used [0x00000007ab400000,0x00000007af400000,0x00000007af400000)
  from space 10752K, 99% used [0x00000007afe80000,0x00000007b08fc080,0x00000007b0900000)
  to   space 10752K, 0% used [0x00000007af400000,0x00000007af400000,0x00000007afe80000)
 ParOldGen       total 173568K, used 7597K [0x0000000701c00000, 0x000000070c580000, 0x00000007ab400000)
  object space 173568K, 4% used [0x0000000701c00000,0x000000070236b418,0x000000070c580000)
 PSPermGen       total 21504K, used 6983K [0x00000006fca00000, 0x00000006fdf00000, 0x0000000701c00000)
  object space 21504K, 32% used [0x00000006fca00000,0x00000006fd0d1ce8,0x00000006fdf00000)
Event: 19.232 GC heap after
Heap after GC invocations=3 (full 0):
 PSYoungGen      total 76288K, used 10734K [0x00000007ab400000, 0x00000007b4900000, 0x0000000800000000)
  eden space 65536K, 0% used [0x00000007ab400000,0x00000007ab400000,0x00000007af400000)
  from space 10752K, 99% used [0x00000007af400000,0x00000007afe7b910,0x00000007afe80000)
  to   space 10752K, 0% used [0x00000007b3e80000,0x00000007b3e80000,0x00000007b4900000)
 ParOldGen       total 173568K, used 26477K [0x0000000701c00000, 0x000000070c580000, 0x00000007ab400000)
  object space 173568K, 15% used [0x0000000701c00000,0x00000007035db438,0x000000070c580000)
 PSPermGen       total 21504K, used 6983K [0x00000006fca00000, 0x00000006fdf00000, 0x0000000701c00000)
  object space 21504K, 32% used [0x00000006fca00000,0x00000006fd0d1ce8,0x00000006fdf00000)
}
Event: 19.358 GC heap before
{Heap before GC invocations=4 (full 0):
 PSYoungGen      total 76288K, used 76270K [0x00000007ab400000, 0x00000007b4900000, 0x0000000800000000)
  eden space 65536K, 100% used [0x00000007ab400000,0x00000007af400000,0x00000007af400000)
  from space 10752K, 99% used [0x00000007af400000,0x00000007afe7b910,0x00000007afe80000)
  to   space 10752K, 0% used [0x00000007b3e80000,0x00000007b3e80000,0x00000007b4900000)
 ParOldGen       total 173568K, used 26477K [0x0000000701c00000, 0x000000070c580000, 0x00000007ab400000)
  object space 173568K, 15% used [0x0000000701c00000,0x00000007035db438,0x000000070c580000)
 PSPermGen       total 21504K, used 7083K [0x00000006fca00000, 0x00000006fdf00000, 0x0000000701c00000)
  object space 21504K, 32% used [0x00000006fca00000,0x00000006fd0eac00,0x00000006fdf00000)
Event: 19.371 GC heap after
Heap after GC invocations=4 (full 0):
 PSYoungGen      total 141824K, used 10750K [0x00000007ab400000, 0x00000007b4900000, 0x0000000800000000)
  eden space 131072K, 0% used [0x00000007ab400000,0x00000007ab400000,0x00000007b3400000)
  from space 10752K, 99% used [0x00000007b3e80000,0x00000007b48ff920,0x00000007b4900000)
  to   space 10752K, 0% used [0x00000007b3400000,0x00000007b3400000,0x00000007b3e80000)
 ParOldGen       total 173568K, used 39800K [0x0000000701c00000, 0x000000070c580000, 0x00000007ab400000)
  object space 173568K, 22% used [0x0000000701c00000,0x00000007042de240,0x000000070c580000)
 PSPermGen       total 21504K, used 7083K [0x00000006fca00000, 0x00000006fdf00000, 0x0000000701c00000)
  object space 21504K, 32% used [0x00000006fca00000,0x00000006fd0eac00,0x00000006fdf00000)
}

Deoptimization events (10 events):
Event: 19.311 Thread 0x0000000002723800 Uncommon trap: reason=class_check action=maybe_recompile pc=0x000000000294bda4 method=java.util.regex.Pattern$CharProperty.match(Ljava/util/regex/Matcher;ILjava/lang/CharSequence;)Z @ 18
Event: 41.078 Thread 0x0000000002723800 Uncommon trap: reason=class_check action=maybe_recompile pc=0x00000000029b31c0 method=java.lang.Character.toLowerCase(I)I @ 5
Event: 41.078 Thread 0x0000000002723800 Uncommon trap: reason=class_check action=maybe_recompile pc=0x00000000029b31c0 method=java.lang.Character.toLowerCase(I)I @ 5
Event: 41.078 Thread 0x0000000002723800 Uncommon trap: reason=class_check action=maybe_recompile pc=0x00000000029b31c0 method=java.lang.Character.toLowerCase(I)I @ 5
Event: 41.078 Thread 0x0000000002723800 Uncommon trap: reason=class_check action=maybe_recompile pc=0x00000000029b31c0 method=java.lang.Character.toLowerCase(I)I @ 5
Event: 85.498 Thread 0x0000000002723800 Uncommon trap: reason=array_check action=maybe_recompile pc=0x0000000002a59ddc method=java.util.AbstractCollection.toArray([Ljava/lang/Object;)[Ljava/lang/Object; @ 119
Event: 85.499 Thread 0x0000000002723800 Uncommon trap: reason=class_check action=maybe_recompile pc=0x0000000002a3f36c method=sun.nio.cs.UTF_8.updatePositions(Ljava/nio/Buffer;ILjava/nio/Buffer;I)V @ 3
Event: 85.499 Thread 0x0000000002723800 Uncommon trap: reason=class_check action=maybe_recompile pc=0x0000000002a3f36c method=sun.nio.cs.UTF_8.updatePositions(Ljava/nio/Buffer;ILjava/nio/Buffer;I)V @ 3
Event: 85.499 Thread 0x0000000002723800 Uncommon trap: reason=class_check action=maybe_recompile pc=0x0000000002a3f36c method=sun.nio.cs.UTF_8.updatePositions(Ljava/nio/Buffer;ILjava/nio/Buffer;I)V @ 3
Event: 85.499 Thread 0x0000000002723800 Uncommon trap: reason=class_check action=maybe_recompile pc=0x0000000002a3f36c method=sun.nio.cs.UTF_8.updatePositions(Ljava/nio/Buffer;ILjava/nio/Buffer;I)V @ 3

Internal exceptions (10 events):
Event: 24.847 Thread 0x0000000002723800 Threw 0x00000007ab604ce8 at C:\re\jdk7u65\1313\hotspot\src\share\vm\prims\jvm.cpp:1244
Event: 24.849 Thread 0x0000000002723800 Threw 0x00000007ab609648 at C:\re\jdk7u65\1313\hotspot\src\share\vm\prims\jvm.cpp:1244
Event: 24.851 Thread 0x0000000002723800 Threw 0x00000007ab60d988 at C:\re\jdk7u65\1313\hotspot\src\share\vm\prims\jvm.cpp:1244
Event: 24.852 Thread 0x0000000002723800 Threw 0x00000007ab6138a0 at C:\re\jdk7u65\1313\hotspot\src\share\vm\prims\jvm.cpp:1244
Event: 24.853 Thread 0x0000000002723800 Threw 0x00000007ab618520 at C:\re\jdk7u65\1313\hotspot\src\share\vm\prims\jvm.cpp:1244
Event: 24.854 Thread 0x0000000002723800 Threw 0x00000007ab61d078 at C:\re\jdk7u65\1313\hotspot\src\share\vm\prims\jvm.cpp:1244
Event: 24.855 Thread 0x0000000002723800 Threw 0x00000007ab6253c8 at C:\re\jdk7u65\1313\hotspot\src\share\vm\prims\jvm.cpp:1244
Event: 24.856 Thread 0x0000000002723800 Threw 0x00000007ab62b270 at C:\re\jdk7u65\1313\hotspot\src\share\vm\prims\jvm.cpp:1244
Event: 25.198 Thread 0x0000000002723800 Threw 0x00000007ab6346c0 at C:\re\jdk7u65\1313\hotspot\src\share\vm\prims\jvm.cpp:1244
Event: 25.206 Thread 0x0000000002723800 Threw 0x00000007ab6426d0 at C:\re\jdk7u65\1313\hotspot\src\share\vm\prims\jvm.cpp:1244

Events (10 events):
Event: 85.703 Executing VM operation: GetOrSetLocal
Event: 85.703 Executing VM operation: GetOrSetLocal done
Event: 85.703 Executing VM operation: GetOrSetLocal
Event: 85.703 Executing VM operation: GetOrSetLocal done
Event: 500.335 Executing VM operation: GetOrSetLocal
Event: 500.335 Executing VM operation: GetOrSetLocal done
Event: 502.876 Executing VM operation: GetOrSetLocal
Event: 502.876 Executing VM operation: GetOrSetLocal done
Event: 553.342 Executing VM operation: RedefineClasses
Event: 553.343 Executing VM operation: RedefineClasses done


Dynamic libraries:
0x000007f7649e0000 - 0x000007f764a13000 	C:\Program Files\Java\jre7\bin\javaw.exe
0x000007f9e21e0000 - 0x000007f9e239e000 	C:\Windows\SYSTEM32\ntdll.dll
0x000007f9e19f0000 - 0x000007f9e1b27000 	C:\Windows\system32\KERNEL32.DLL
0x000007f9df370000 - 0x000007f9df464000 	C:\Windows\system32\KERNELBASE.dll
0x000007f9e1d50000 - 0x000007f9e1e2e000 	C:\Windows\system32\ADVAPI32.dll
0x000007f9e1ba0000 - 0x000007f9e1cec000 	C:\Windows\system32\USER32.dll
0x000007f9dc950000 - 0x000007f9dcbba000 	C:\Windows\WinSxS\amd64_microsoft.windows.common-controls_6595b64144ccf1df_6.0.9200.16579_none_418ab7ef718b27ef\COMCTL32.dll
0x000007f9e1600000 - 0x000007f9e16a5000 	C:\Windows\system32\msvcrt.dll
0x000007f9df7f0000 - 0x000007f9df838000 	C:\Windows\SYSTEM32\sechost.dll
0x000007f9dfd70000 - 0x000007f9dfeb5000 	C:\Windows\system32\RPCRT4.dll
0x000007f9e18a0000 - 0x000007f9e19e1000 	C:\Windows\system32\GDI32.dll
0x000007f9e1ff0000 - 0x000007f9e2029000 	C:\Windows\system32\IMM32.DLL
0x000007f9e1ed0000 - 0x000007f9e1fe6000 	C:\Windows\system32\MSCTF.dll
0x000000005a2f0000 - 0x000000005a3c2000 	C:\Program Files\Java\jre7\bin\msvcr100.dll
0x0000000058500000 - 0x0000000058cd2000 	C:\Program Files\Java\jre7\bin\server\jvm.dll
0x000007f9d8de0000 - 0x000007f9d8de9000 	C:\Windows\SYSTEM32\WSOCK32.dll
0x000007f9d8040000 - 0x000007f9d8060000 	C:\Windows\SYSTEM32\WINMM.dll
0x000007f9dfd40000 - 0x000007f9dfd47000 	C:\Windows\system32\PSAPI.DLL
0x000007f9e1cf0000 - 0x000007f9e1d48000 	C:\Windows\system32\WS2_32.dll
0x000007f9d8000000 - 0x000007f9d8033000 	C:\Windows\SYSTEM32\WINMMBASE.dll
0x000007f9e1890000 - 0x000007f9e1899000 	C:\Windows\system32\NSI.dll
0x000007f9df4c0000 - 0x000007f9df50f000 	C:\Windows\SYSTEM32\cfgmgr32.dll
0x000007f9df490000 - 0x000007f9df4b2000 	C:\Windows\system32\DEVOBJ.dll
0x000000005b730000 - 0x000000005b73f000 	C:\Program Files\Java\jre7\bin\verify.dll
0x000000005b700000 - 0x000000005b728000 	C:\Program Files\Java\jre7\bin\java.dll
0x000000005a260000 - 0x000000005a295000 	C:\Program Files\Java\jre7\bin\jdwp.dll
0x000000005b6b0000 - 0x000000005b6b8000 	C:\Program Files\Java\jre7\bin\npt.dll
0x000000005b6e0000 - 0x000000005b6f5000 	C:\Program Files\Java\jre7\bin\zip.dll
0x000000005a250000 - 0x000000005a259000 	C:\Program Files\Java\jre7\bin\dt_socket.dll
0x000007f9d7fc0000 - 0x000007f9d7fd4000 	C:\Windows\system32\napinsp.dll
0x000007f9d7fa0000 - 0x000007f9d7fb8000 	C:\Windows\system32\pnrpnsp.dll
0x000007f9dd5d0000 - 0x000007f9dd5e6000 	C:\Windows\system32\NLAapi.dll
0x000007f9de930000 - 0x000007f9de98c000 	C:\Windows\System32\mswsock.dll
0x000007f9de6b0000 - 0x000007f9de748000 	C:\Windows\SYSTEM32\DNSAPI.dll
0x000007f9d7f80000 - 0x000007f9d7f92000 	C:\Windows\System32\winrnr.dll
0x000007f9d9c70000 - 0x000007f9d9cd1000 	C:\Windows\System32\fwpuclnt.dll
0x000007f9d8a60000 - 0x000007f9d8a68000 	C:\Windows\System32\rasadhlp.dll
0x000000005b6c0000 - 0x000000005b6d9000 	C:\Program Files\Java\jre7\bin\net.dll
0x000000005a0b0000 - 0x000000005a245000 	C:\Program Files\Java\jre7\bin\awt.dll
0x000007f9df9e0000 - 0x000007f9dfaa3000 	C:\Windows\system32\OLEAUT32.dll
0x000007f9e2030000 - 0x000007f9e21e0000 	C:\Windows\system32\combase.dll
0x000007f9db520000 - 0x000007f9db5bf000 	C:\Windows\system32\apphelp.dll
0x000007f9d4970000 - 0x000007f9d4ad3000 	C:\Windows\SYSTEM32\dbghelp.dll

VM Arguments:
jvm_args: -agentlib:jdwp=transport=dt_socket,suspend=y,address=localhost:49858 -Dfile.encoding=UTF-8 
java_command: org.eclipse.jdt.internal.junit.runner.RemoteTestRunner -version 3 -port 49857 -testLoaderClass org.eclipse.jdt.internal.junit4.runner.JUnit4TestLoader -loaderpluginname org.eclipse.jdt.junit4.runtime -classNames ar.edu.unlp.extractor.metadata.tesis.engine.keyword.KeywordSentenceEngineTest
Launcher Type: SUN_STANDARD

Environment Variables:
JAVA_HOME=C:\Program Files\Java\jdk1.7.0_65
PATH=C:\Program Files (x86)\Intel\iCLS Client\;C:\Program Files\Intel\iCLS Client\;C:\Windows\system32;C:\Windows;C:\Windows\System32\Wbem;C:\Windows\System32\WindowsPowerShell\v1.0\;C:\Program Files\Intel\Intel(R) Management Engine Components\DAL;C:\Program Files\Intel\Intel(R) Management Engine Components\IPT;C:\Program Files (x86)\Intel\Intel(R) Management Engine Components\DAL;C:\Program Files (x86)\Intel\Intel(R) Management Engine Components\IPT;C:\Program Files (x86)\ATI Technologies\ATI.ACE\Core-Static;C:\Program Files\Java\jdk1.7.0_65\bin;G:\Desarrollos\apps\apache-maven-3.0.5\bin;G:\Desarrollos\apps\apache-ant-1.9.3\bin;G:\Desarrollos\apps\nodejs\;G:\Desarrollos\apps\Git\cmd;G:\Desarrollos\apps\adt-bundle-windows-x86_64-20140702\sdk\tools;G:\Desarrollos\apps\adt-bundle-windows-x86_64-20140702\sdk\platform-tools;;C:\Program Files (x86)\Heroku\bin;C:\Program Files (x86)\git\cmd;C:\Program Files\Samsung\AllShare Framework DMS\1.3.23\;C:\Program Files\Samsung\AllShare Framework DMS\1.3.23\64bit\;G:\Herramientas\miktex\miktex\bin\;C:\Users\Fernando\oopsys\node_modules\loopback-connector-oracle\node_modules\instantclient\vc11;C:\Users\Fernando\oopsys\node_modules\loopback-connector-oracle\node_modules\instantclient;C:\Users\Fernando\AppData\Roaming\npm
USERNAME=Fernando
OS=Windows_NT
PROCESSOR_IDENTIFIER=Intel64 Family 6 Model 60 Stepping 3, GenuineIntel



---------------  S Y S T E M  ---------------

OS: Windows 8 , 64 bit Build 9200 

CPU:total 8 (4 cores per cpu, 2 threads per core) family 6 model 60 stepping 3, cmov, cx8, fxsr, mmx, sse, sse2, sse3, ssse3, sse4.1, sse4.2, popcnt, avx, avx2, aes, erms, ht, tsc, tscinvbit

Memory: 4k page, physical 16661632k(12816416k free), swap 19020928k(12568576k free)

vm_info: Java HotSpot(TM) 64-Bit Server VM (24.65-b04) for windows-amd64 JRE (1.7.0_65-b19), built on Jul  9 2014 17:47:07 by "java_re" with unknown MS VC++:1600

time: Sun Oct 26 12:49:40 2014
elapsed time: 553 seconds

