#
# A fatal error has been detected by the Java Runtime Environment:
#
#  EXCEPTION_ACCESS_VIOLATION (0xc0000005) at pc=0x000000006b523b6b, pid=14204, tid=9732
#
# JRE version: Java(TM) SE Runtime Environment (7.0_65-b19) (build 1.7.0_65-b19)
# Java VM: Java HotSpot(TM) 64-Bit Server VM (24.65-b04 mixed mode windows-amd64 compressed oops)
# Problematic frame:
# V  [jvm.dll+0x143b6b]
#
# Failed to write core dump. Minidumps are not enabled by default on client versions of Windows
#
# If you would like to submit a bug report, please visit:
#   http://bugreport.sun.com/bugreport/crash.jsp
#

---------------  T H R E A D  ---------------

Current thread (0x0000000011796000):  JavaThread "JDWP Transport Listener: dt_socket" daemon [_thread_in_vm, id=9732, stack(0x0000000012150000,0x0000000012250000)]

siginfo: ExceptionCode=0xc0000005, reading address 0x00003b3e3b45543c

Registers:
RAX=0x000000001224f301, RBX=0x0000000011796000, RCX=0x00003b3e3b45543c, RDX=0x0000000000000000
RSP=0x000000001224f330, RBP=0x00003b3e3b45543c, RSI=0x000000001224f448, RDI=0x000000000240b330
R8 =0x0000000011796000, R9 =0x0000000000000700, R10=0x0000000000000000, R11=0x000000001359e739
R12=0x0000000000000000, R13=0x00000000025fff98, R14=0x0000000000000000, R15=0x0000000000000000
RIP=0x000000006b523b6b, EFLAGS=0x0000000000010206

Top of Stack: (sp=0x000000001224f330)
0x000000001224f330:   0000000011796000 000000001185e070
0x000000001224f340:   000000001224f3f8 000000006b6c4dd9
0x000000001224f350:   0000000011796000 000000006b6e2982
0x000000001224f360:   0000000000000000 000000006b318e8d
0x000000001224f370:   000000000260e2f8 000000006b322666
0x000000001224f380:   0000000011796000 0000000000000000
0x000000001224f390:   0000000000000000 0000000000000000
0x000000001224f3a0:   00003b3e3b45543c 000000006b32175d
0x000000001224f3b0:   000000001224f448 000000001224f420
0x000000001224f3c0:   0000000000000001 000000000260e2f8
0x000000001224f3d0:   00003b3e3b45543c 000000006b3053b3
0x000000001224f3e0:   000000001224f510 0000000000000001
0x000000001224f3f0:   0000000000000001 000000000260e2f8
0x000000001224f400:   0000000000000009 0000000000000000
0x000000001224f410:   0000000000000000 0000000000000000
0x000000001224f420:   0000000000000001 000000006b305571 

Instructions: (pc=0x000000006b523b6b)
0x000000006b523b4b:   48 8b 5c 24 30 48 89 47 18 48 83 c4 20 5f c3 cc
0x000000006b523b5b:   cc cc cc cc cc 40 53 48 83 ec 20 48 85 c9 74 54
0x000000006b523b6b:   48 8b 19 48 85 db 74 4c 48 b8 fe fe fe fe fe fe
0x000000006b523b7b:   fe fe 48 3b d8 74 3d 80 3d 0f 04 61 00 00 74 15 


Register to memory mapping:

RAX=0x000000001224f301 is pointing into the stack for thread: 0x0000000011796000
RBX=0x0000000011796000 is a thread
RCX=0x00003b3e3b45543c is an unknown value
RDX=0x0000000000000000 is an unknown value
RSP=0x000000001224f330 is pointing into the stack for thread: 0x0000000011796000
RBP=0x00003b3e3b45543c is an unknown value
RSI=0x000000001224f448 is pointing into the stack for thread: 0x0000000011796000
RDI=0x000000000240b330 is an unknown value
R8 =0x0000000011796000 is a thread
R9 =0x0000000000000700 is an unknown value
R10=0x0000000000000000 is an unknown value
R11=0x000000001359e739 is an unknown value
R12=0x0000000000000000 is an unknown value
R13=0x00000000025fff98 is an unknown value
R14=0x0000000000000000 is an unknown value
R15=0x0000000000000000 is an unknown value


Stack: [0x0000000012150000,0x0000000012250000],  sp=0x000000001224f330,  free space=1020k
Native frames: (J=compiled Java code, j=interpreted, Vv=VM code, C=native code)
V  [jvm.dll+0x143b6b]


---------------  P R O C E S S  ---------------

Java Threads: ( => current thread )
  0x0000000011a09800 JavaThread "ReaderThread" [_thread_in_native, id=9148, stack(0x0000000013050000,0x0000000013150000)]
  0x00000000117b0000 JavaThread "Service Thread" daemon [_thread_blocked, id=10520, stack(0x0000000012650000,0x0000000012750000)]
  0x00000000117ae000 JavaThread "C2 CompilerThread1" daemon [_thread_blocked, id=10124, stack(0x0000000012550000,0x0000000012650000)]
  0x00000000117ab800 JavaThread "C2 CompilerThread0" daemon [_thread_blocked, id=7720, stack(0x0000000012450000,0x0000000012550000)]
  0x000000001179d000 JavaThread "JDWP Command Reader" daemon [_thread_in_native, id=12416, stack(0x0000000012350000,0x0000000012450000)]
  0x000000001179c000 JavaThread "JDWP Event Helper Thread" daemon [_thread_blocked, id=10720, stack(0x0000000012250000,0x0000000012350000)]
=>0x0000000011796000 JavaThread "JDWP Transport Listener: dt_socket" daemon [_thread_in_vm, id=9732, stack(0x0000000012150000,0x0000000012250000)]
  0x0000000002601800 JavaThread "Attach Listener" daemon [_thread_blocked, id=8692, stack(0x0000000011c70000,0x0000000011d70000)]
  0x0000000011790800 JavaThread "Signal Dispatcher" daemon [_thread_blocked, id=9196, stack(0x0000000011b70000,0x0000000011c70000)]
  0x000000000f7a1800 JavaThread "Finalizer" daemon [_thread_blocked, id=17912, stack(0x0000000011670000,0x0000000011770000)]
  0x000000000f79a000 JavaThread "Reference Handler" daemon [_thread_blocked, id=18280, stack(0x0000000011570000,0x0000000011670000)]
  0x0000000002513800 JavaThread "main" [_thread_blocked, id=7768, stack(0x0000000002410000,0x0000000002510000)]

Other Threads:
  0x000000000f796000 VMThread [stack: 0x0000000011470000,0x0000000011570000] [id=12860]
  0x00000000117cd800 WatcherThread [stack: 0x0000000012750000,0x0000000012850000] [id=16088]

VM state:not at safepoint (normal execution)

VM Mutex/Monitor currently owned by a thread: None

Heap
 PSYoungGen      total 76288K, used 28259K [0x00000007ab400000, 0x00000007b0900000, 0x0000000800000000)
  eden space 65536K, 26% used [0x00000007ab400000,0x00000007ac51f190,0x00000007af400000)
  from space 10752K, 99% used [0x00000007afe80000,0x00000007b08f9ab8,0x00000007b0900000)
  to   space 10752K, 0% used [0x00000007af400000,0x00000007af400000,0x00000007afe80000)
 ParOldGen       total 173568K, used 39132K [0x0000000701c00000, 0x000000070c580000, 0x00000007ab400000)
  object space 173568K, 22% used [0x0000000701c00000,0x0000000704237230,0x000000070c580000)
 PSPermGen       total 21504K, used 7362K [0x00000006fca00000, 0x00000006fdf00000, 0x0000000701c00000)
  object space 21504K, 34% used [0x00000006fca00000,0x00000006fd130910,0x00000006fdf00000)

Card table byte_map: [0x0000000005610000,0x0000000005e30000] byte_map_base: 0x0000000001e2b000

Polling page: 0x0000000000a90000

Code Cache  [0x0000000002610000, 0x0000000002880000, 0x0000000005610000)
 total_blobs=750 nmethods=510 adapters=201 free_code_cache=47210Kb largest_free_block=48302784

Compilation events (10 events):
Event: 73.687 Thread 0x00000000117ab800 nmethod 526 0x00000000027fab90 code [0x00000000027facc0, 0x00000000027fad18]
Event: 73.687 Thread 0x00000000117ae000 nmethod 527 0x00000000027f9c10 code [0x00000000027f9d40, 0x00000000027f9d98]
Event: 73.687 Thread 0x00000000117ab800  528             org.apache.pdfbox.util.PDFTextStripper::overlap (46 bytes)
Event: 73.687 Thread 0x00000000117ae000  529             org.apache.pdfbox.util.PDFTextStripper::within (22 bytes)
Event: 73.687 Thread 0x00000000117ae000 nmethod 529 0x00000000027f9a10 code [0x00000000027f9b40, 0x00000000027f9bb8]
Event: 73.688 Thread 0x00000000117ab800 nmethod 528 0x00000000027f9290 code [0x00000000027f93e0, 0x00000000027f9478]
Event: 73.703 Thread 0x00000000117ae000  530             org.apache.pdfbox.util.PositionWrapper::<init> (40 bytes)
Event: 73.703 Thread 0x00000000117ae000 nmethod 530 0x00000000027f97d0 code [0x00000000027f9900, 0x00000000027f9998]
Event: 141.216 Thread 0x00000000117ab800  531             sun.nio.cs.UTF_8$Encoder::encodeArrayLoop (489 bytes)
Event: 141.255 Thread 0x00000000117ab800 nmethod 531 0x00000000027fbe50 code [0x00000000027fc020, 0x00000000027fcab0]

GC Heap History (8 events):
Event: 7.723 GC heap before
{Heap before GC invocations=1 (full 0):
 PSYoungGen      total 76288K, used 65536K [0x00000007ab400000, 0x00000007b0900000, 0x0000000800000000)
  eden space 65536K, 100% used [0x00000007ab400000,0x00000007af400000,0x00000007af400000)
  from space 10752K, 0% used [0x00000007afe80000,0x00000007afe80000,0x00000007b0900000)
  to   space 10752K, 0% used [0x00000007af400000,0x00000007af400000,0x00000007afe80000)
 ParOldGen       total 173568K, used 0K [0x0000000701c00000, 0x000000070c580000, 0x00000007ab400000)
  object space 173568K, 0% used [0x0000000701c00000,0x0000000701c00000,0x000000070c580000)
 PSPermGen       total 21504K, used 5947K [0x00000006fca00000, 0x00000006fdf00000, 0x0000000701c00000)
  object space 21504K, 27% used [0x00000006fca00000,0x00000006fcfcefa0,0x00000006fdf00000)
Event: 7.730 GC heap after
Heap after GC invocations=1 (full 0):
 PSYoungGen      total 76288K, used 10739K [0x00000007ab400000, 0x00000007b0900000, 0x0000000800000000)
  eden space 65536K, 0% used [0x00000007ab400000,0x00000007ab400000,0x00000007af400000)
  from space 10752K, 99% used [0x00000007af400000,0x00000007afe7cdf0,0x00000007afe80000)
  to   space 10752K, 0% used [0x00000007afe80000,0x00000007afe80000,0x00000007b0900000)
 ParOldGen       total 173568K, used 4870K [0x0000000701c00000, 0x000000070c580000, 0x00000007ab400000)
  object space 173568K, 2% used [0x0000000701c00000,0x00000007020c1a58,0x000000070c580000)
 PSPermGen       total 21504K, used 5947K [0x00000006fca00000, 0x00000006fdf00000, 0x0000000701c00000)
  object space 21504K, 27% used [0x00000006fca00000,0x00000006fcfcefa0,0x00000006fdf00000)
}
Event: 46.680 GC heap before
{Heap before GC invocations=2 (full 0):
 PSYoungGen      total 76288K, used 76275K [0x00000007ab400000, 0x00000007b0900000, 0x0000000800000000)
  eden space 65536K, 100% used [0x00000007ab400000,0x00000007af400000,0x00000007af400000)
  from space 10752K, 99% used [0x00000007af400000,0x00000007afe7cdf0,0x00000007afe80000)
  to   space 10752K, 0% used [0x00000007afe80000,0x00000007afe80000,0x00000007b0900000)
 ParOldGen       total 173568K, used 4870K [0x0000000701c00000, 0x000000070c580000, 0x00000007ab400000)
  object space 173568K, 2% used [0x0000000701c00000,0x00000007020c1a58,0x000000070c580000)
 PSPermGen       total 21504K, used 6389K [0x00000006fca00000, 0x00000006fdf00000, 0x0000000701c00000)
  object space 21504K, 29% used [0x00000006fca00000,0x00000006fd03d450,0x00000006fdf00000)
Event: 46.687 GC heap after
Heap after GC invocations=2 (full 0):
 PSYoungGen      total 76288K, used 10720K [0x00000007ab400000, 0x00000007b0900000, 0x0000000800000000)
  eden space 65536K, 0% used [0x00000007ab400000,0x00000007ab400000,0x00000007af400000)
  from space 10752K, 99% used [0x00000007afe80000,0x00000007b08f80b0,0x00000007b0900000)
  to   space 10752K, 0% used [0x00000007af400000,0x00000007af400000,0x00000007afe80000)
 ParOldGen       total 173568K, used 6803K [0x0000000701c00000, 0x000000070c580000, 0x00000007ab400000)
  object space 173568K, 3% used [0x0000000701c00000,0x00000007022a4ce8,0x000000070c580000)
 PSPermGen       total 21504K, used 6389K [0x00000006fca00000, 0x00000006fdf00000, 0x0000000701c00000)
  object space 21504K, 29% used [0x00000006fca00000,0x00000006fd03d450,0x00000006fdf00000)
}
Event: 50.997 GC heap before
{Heap before GC invocations=3 (full 0):
 PSYoungGen      total 76288K, used 76256K [0x00000007ab400000, 0x00000007b0900000, 0x0000000800000000)
  eden space 65536K, 100% used [0x00000007ab400000,0x00000007af400000,0x00000007af400000)
  from space 10752K, 99% used [0x00000007afe80000,0x00000007b08f80b0,0x00000007b0900000)
  to   space 10752K, 0% used [0x00000007af400000,0x00000007af400000,0x00000007afe80000)
 ParOldGen       total 173568K, used 6803K [0x0000000701c00000, 0x000000070c580000, 0x00000007ab400000)
  object space 173568K, 3% used [0x0000000701c00000,0x00000007022a4ce8,0x000000070c580000)
 PSPermGen       total 21504K, used 6983K [0x00000006fca00000, 0x00000006fdf00000, 0x0000000701c00000)
  object space 21504K, 32% used [0x00000006fca00000,0x00000006fd0d1f08,0x00000006fdf00000)
Event: 51.008 GC heap after
Heap after GC invocations=3 (full 0):
 PSYoungGen      total 76288K, used 10750K [0x00000007ab400000, 0x00000007b0900000, 0x0000000800000000)
  eden space 65536K, 0% used [0x00000007ab400000,0x00000007ab400000,0x00000007af400000)
  from space 10752K, 99% used [0x00000007af400000,0x00000007afe7f8f0,0x00000007afe80000)
  to   space 10752K, 0% used [0x00000007afe80000,0x00000007afe80000,0x00000007b0900000)
 ParOldGen       total 173568K, used 25366K [0x0000000701c00000, 0x000000070c580000, 0x00000007ab400000)
  object space 173568K, 14% used [0x0000000701c00000,0x00000007034c58b8,0x000000070c580000)
 PSPermGen       total 21504K, used 6983K [0x00000006fca00000, 0x00000006fdf00000, 0x0000000701c00000)
  object space 21504K, 32% used [0x00000006fca00000,0x00000006fd0d1f08,0x00000006fdf00000)
}
Event: 55.348 GC heap before
{Heap before GC invocations=4 (full 0):
 PSYoungGen      total 76288K, used 76286K [0x00000007ab400000, 0x00000007b0900000, 0x0000000800000000)
  eden space 65536K, 100% used [0x00000007ab400000,0x00000007af400000,0x00000007af400000)
  from space 10752K, 99% used [0x00000007af400000,0x00000007afe7f8f0,0x00000007afe80000)
  to   space 10752K, 0% used [0x00000007afe80000,0x00000007afe80000,0x00000007b0900000)
 ParOldGen       total 173568K, used 25366K [0x0000000701c00000, 0x000000070c580000, 0x00000007ab400000)
  object space 173568K, 14% used [0x0000000701c00000,0x00000007034c58b8,0x000000070c580000)
 PSPermGen       total 21504K, used 7085K [0x00000006fca00000, 0x00000006fdf00000, 0x0000000701c00000)
  object space 21504K, 32% used [0x00000006fca00000,0x00000006fd0eb5d8,0x00000006fdf00000)
Event: 55.358 GC heap after
Heap after GC invocations=4 (full 0):
 PSYoungGen      total 76288K, used 10726K [0x00000007ab400000, 0x00000007b0900000, 0x0000000800000000)
  eden space 65536K, 0% used [0x00000007ab400000,0x00000007ab400000,0x00000007af400000)
  from space 10752K, 99% used [0x00000007afe80000,0x00000007b08f9ab8,0x00000007b0900000)
  to   space 10752K, 0% used [0x00000007af400000,0x00000007af400000,0x00000007afe80000)
 ParOldGen       total 173568K, used 39132K [0x0000000701c00000, 0x000000070c580000, 0x00000007ab400000)
  object space 173568K, 22% used [0x0000000701c00000,0x0000000704237230,0x000000070c580000)
 PSPermGen       total 21504K, used 7085K [0x00000006fca00000, 0x00000006fdf00000, 0x0000000701c00000)
  object space 21504K, 32% used [0x00000006fca00000,0x00000006fd0eb5d8,0x00000006fdf00000)
}

Deoptimization events (10 events):
Event: 59.467 Thread 0x0000000002513800 Uncommon trap: reason=bimorphic action=maybe_recompile pc=0x000000000279d120 method=java.util.regex.Pattern$Curly.match(Ljava/util/regex/Matcher;ILjava/lang/CharSequence;)Z @ 19
Event: 59.467 Thread 0x0000000002513800 Uncommon trap: reason=bimorphic action=maybe_recompile pc=0x000000000279d120 method=java.util.regex.Pattern$Curly.match(Ljava/util/regex/Matcher;ILjava/lang/CharSequence;)Z @ 19
Event: 59.467 Thread 0x0000000002513800 Uncommon trap: reason=class_check action=maybe_recompile pc=0x0000000002699f68 method=java.util.regex.Pattern$Curly.match0(Ljava/util/regex/Matcher;IILjava/lang/CharSequence;)Z @ 31
Event: 59.467 Thread 0x0000000002513800 Uncommon trap: reason=class_check action=maybe_recompile pc=0x0000000002699f68 method=java.util.regex.Pattern$Curly.match0(Ljava/util/regex/Matcher;IILjava/lang/CharSequence;)Z @ 31
Event: 59.467 Thread 0x0000000002513800 Uncommon trap: reason=class_check action=maybe_recompile pc=0x0000000002699f68 method=java.util.regex.Pattern$Curly.match0(Ljava/util/regex/Matcher;IILjava/lang/CharSequence;)Z @ 31
Event: 59.467 Thread 0x0000000002513800 Uncommon trap: reason=class_check action=maybe_recompile pc=0x0000000002699f68 method=java.util.regex.Pattern$Curly.match0(Ljava/util/regex/Matcher;IILjava/lang/CharSequence;)Z @ 31
Event: 61.055 Thread 0x0000000002513800 Uncommon trap: reason=class_check action=maybe_recompile pc=0x000000000278cfac method=sun.nio.cs.UTF_8.updatePositions(Ljava/nio/Buffer;ILjava/nio/Buffer;I)V @ 3
Event: 61.055 Thread 0x0000000002513800 Uncommon trap: reason=class_check action=maybe_recompile pc=0x000000000278cfac method=sun.nio.cs.UTF_8.updatePositions(Ljava/nio/Buffer;ILjava/nio/Buffer;I)V @ 3
Event: 61.055 Thread 0x0000000002513800 Uncommon trap: reason=class_check action=maybe_recompile pc=0x000000000278cfac method=sun.nio.cs.UTF_8.updatePositions(Ljava/nio/Buffer;ILjava/nio/Buffer;I)V @ 3
Event: 61.055 Thread 0x0000000002513800 Uncommon trap: reason=class_check action=maybe_recompile pc=0x000000000278cfac method=sun.nio.cs.UTF_8.updatePositions(Ljava/nio/Buffer;ILjava/nio/Buffer;I)V @ 3

Internal exceptions (10 events):
Event: 55.535 Thread 0x0000000002513800 Threw 0x00000007ab5ffca0 at C:\re\jdk7u65\1313\hotspot\src\share\vm\prims\jvm.cpp:1244
Event: 55.536 Thread 0x0000000002513800 Threw 0x00000007ab6047f8 at C:\re\jdk7u65\1313\hotspot\src\share\vm\prims\jvm.cpp:1244
Event: 55.537 Thread 0x0000000002513800 Threw 0x00000007ab60cb48 at C:\re\jdk7u65\1313\hotspot\src\share\vm\prims\jvm.cpp:1244
Event: 55.537 Thread 0x0000000002513800 Threw 0x00000007ab6129f0 at C:\re\jdk7u65\1313\hotspot\src\share\vm\prims\jvm.cpp:1244
Event: 55.539 Thread 0x0000000002513800 Threw 0x00000007ab61be40 at C:\re\jdk7u65\1313\hotspot\src\share\vm\prims\jvm.cpp:1244
Event: 55.543 Thread 0x0000000002513800 Threw 0x00000007ab629e50 at C:\re\jdk7u65\1313\hotspot\src\share\vm\prims\jvm.cpp:1244
Event: 72.723 Thread 0x0000000002513800 Threw 0x00000007aba09ca0 at C:\re\jdk7u65\1313\hotspot\src\share\vm\prims\jvm.cpp:1244
Event: 72.724 Thread 0x0000000002513800 Threw 0x00000007aba10238 at C:\re\jdk7u65\1313\hotspot\src\share\vm\prims\jvm.cpp:1244
Event: 72.725 Thread 0x0000000002513800 Threw 0x00000007aba30660 at C:\re\jdk7u65\1313\hotspot\src\share\vm\prims\jvm.cpp:1244
Event: 72.726 Thread 0x0000000002513800 Threw 0x00000007aba37d00 at C:\re\jdk7u65\1313\hotspot\src\share\vm\prims\jvm.cpp:1244

Events (10 events):
Event: 244.686 Executing VM operation: GetCurrentLocation
Event: 244.686 Executing VM operation: GetCurrentLocation done
Event: 244.686 Executing VM operation: EnterInterpOnlyMode
Event: 244.686 Executing VM operation: EnterInterpOnlyMode done
Event: 244.686 Executing VM operation: ChangeSingleStep
Event: 244.686 Executing VM operation: ChangeSingleStep done
Event: 244.687 Executing VM operation: ChangeSingleStep
Event: 244.687 Executing VM operation: ChangeSingleStep done
Event: 244.690 Executing VM operation: RedefineClasses
Event: 244.692 Executing VM operation: RedefineClasses done


Dynamic libraries:
0x000007f608610000 - 0x000007f608643000 	C:\Program Files\Java\jre7\bin\javaw.exe
0x000007f839740000 - 0x000007f8398fe000 	C:\Windows\SYSTEM32\ntdll.dll
0x000007f839600000 - 0x000007f839737000 	C:\Windows\system32\KERNEL32.DLL
0x000007f836740000 - 0x000007f836834000 	C:\Windows\system32\KERNELBASE.dll
0x000007f837f80000 - 0x000007f83805e000 	C:\Windows\system32\ADVAPI32.dll
0x000007f8388f0000 - 0x000007f838a3c000 	C:\Windows\system32\USER32.dll
0x000007f8360c0000 - 0x000007f83632a000 	C:\Windows\WinSxS\amd64_microsoft.windows.common-controls_6595b64144ccf1df_6.0.9200.16579_none_418ab7ef718b27ef\COMCTL32.dll
0x000007f838bc0000 - 0x000007f838c65000 	C:\Windows\system32\msvcrt.dll
0x000007f8395b0000 - 0x000007f8395f8000 	C:\Windows\SYSTEM32\sechost.dll
0x000007f838f60000 - 0x000007f8390a5000 	C:\Windows\system32\RPCRT4.dll
0x000007f838540000 - 0x000007f838681000 	C:\Windows\system32\GDI32.dll
0x000007f838500000 - 0x000007f838539000 	C:\Windows\system32\IMM32.DLL
0x000007f838c70000 - 0x000007f838d86000 	C:\Windows\system32\MSCTF.dll
0x000000006bbc0000 - 0x000000006bc92000 	C:\Program Files\Java\jre7\bin\msvcr100.dll
0x000000006b3e0000 - 0x000000006bbb2000 	C:\Program Files\Java\jre7\bin\server\jvm.dll
0x000007f8302c0000 - 0x000007f8302c9000 	C:\Windows\SYSTEM32\WSOCK32.dll
0x000007f82f730000 - 0x000007f82f750000 	C:\Windows\SYSTEM32\WINMM.dll
0x000007f8384f0000 - 0x000007f8384f7000 	C:\Windows\system32\PSAPI.DLL
0x000007f837f20000 - 0x000007f837f78000 	C:\Windows\system32\WS2_32.dll
0x000007f82f6f0000 - 0x000007f82f723000 	C:\Windows\SYSTEM32\WINMMBASE.dll
0x000007f8394d0000 - 0x000007f8394d9000 	C:\Windows\system32\NSI.dll
0x000007f836a40000 - 0x000007f836a8f000 	C:\Windows\SYSTEM32\cfgmgr32.dll
0x000007f836af0000 - 0x000007f836b12000 	C:\Windows\system32\DEVOBJ.dll
0x000000006b3d0000 - 0x000000006b3df000 	C:\Program Files\Java\jre7\bin\verify.dll
0x000000006b3a0000 - 0x000000006b3c8000 	C:\Program Files\Java\jre7\bin\java.dll
0x000000006b300000 - 0x000000006b335000 	C:\Program Files\Java\jre7\bin\jdwp.dll
0x000000006b2f0000 - 0x000000006b2f8000 	C:\Program Files\Java\jre7\bin\npt.dll
0x000000006b380000 - 0x000000006b395000 	C:\Program Files\Java\jre7\bin\zip.dll
0x000000006b2e0000 - 0x000000006b2e9000 	C:\Program Files\Java\jre7\bin\dt_socket.dll
0x000007f82ec70000 - 0x000007f82ec84000 	C:\Windows\system32\napinsp.dll
0x000007f82ec50000 - 0x000007f82ec68000 	C:\Windows\system32\pnrpnsp.dll
0x000007f834770000 - 0x000007f834786000 	C:\Windows\system32\NLAapi.dll
0x000007f835a10000 - 0x000007f835a6c000 	C:\Windows\System32\mswsock.dll
0x000007f835850000 - 0x000007f8358eb000 	C:\Windows\SYSTEM32\DNSAPI.dll
0x000007f82ec30000 - 0x000007f82ec42000 	C:\Windows\System32\winrnr.dll
0x000007f8311b0000 - 0x000007f831211000 	C:\Windows\System32\fwpuclnt.dll
0x000007f830000000 - 0x000007f830008000 	C:\Windows\System32\rasadhlp.dll
0x000000006b360000 - 0x000000006b379000 	C:\Program Files\Java\jre7\bin\net.dll
0x000000006b0f0000 - 0x000000006b285000 	C:\Program Files\Java\jre7\bin\awt.dll
0x000007f8394e0000 - 0x000007f8395a3000 	C:\Windows\system32\OLEAUT32.dll
0x000007f838690000 - 0x000007f838840000 	C:\Windows\system32\combase.dll
0x000007f8325a0000 - 0x000007f83263f000 	C:\Windows\system32\apphelp.dll
0x000007f82dad0000 - 0x000007f82dc33000 	C:\Windows\SYSTEM32\dbghelp.dll

VM Arguments:
jvm_args: -agentlib:jdwp=transport=dt_socket,suspend=y,address=localhost:57448 -Dfile.encoding=UTF-8 
java_command: org.eclipse.jdt.internal.junit.runner.RemoteTestRunner -version 3 -port 57447 -testLoaderClass org.eclipse.jdt.internal.junit4.runner.JUnit4TestLoader -loaderpluginname org.eclipse.jdt.junit4.runtime -classNames ar.edu.unlp.extractor.metadata.tesis.engine.resume.AbstractEngineTest
Launcher Type: SUN_STANDARD

Environment Variables:
JAVA_HOME=C:\Program Files\Java\jdk1.7.0_65
PATH=C:\Program Files (x86)\Intel\iCLS Client\;C:\Program Files\Intel\iCLS Client\;C:\Windows\system32;C:\Windows;C:\Windows\System32\Wbem;C:\Windows\System32\WindowsPowerShell\v1.0\;C:\Program Files\Intel\Intel(R) Management Engine Components\DAL;C:\Program Files\Intel\Intel(R) Management Engine Components\IPT;C:\Program Files (x86)\Intel\Intel(R) Management Engine Components\DAL;C:\Program Files (x86)\Intel\Intel(R) Management Engine Components\IPT;C:\Program Files (x86)\ATI Technologies\ATI.ACE\Core-Static;C:\Program Files\Java\jdk1.7.0_65\bin;G:\Desarrollos\apps\apache-maven-3.0.5\bin;G:\Desarrollos\apps\apache-ant-1.9.3\bin;G:\Desarrollos\apps\nodejs\;G:\Desarrollos\apps\Git\cmd;G:\Desarrollos\apps\adt-bundle-windows-x86_64-20140702\sdk\tools;G:\Desarrollos\apps\adt-bundle-windows-x86_64-20140702\sdk\platform-tools;C:\Program Files (x86)\Heroku\bin;C:\Program Files (x86)\git\cmd;C:\Program Files\Samsung\AllShare Framework DMS\1.3.23\;C:\Program Files\Samsung\AllShare Framework DMS\1.3.23\64bit\;G:\Herramientas\miktex\miktex\bin\;G:\Herramientas\OpenVPN\bin;C:\Users\Fernando\oopsys\node_modules\loopback-connector-oracle\node_modules\instantclient\vc11;C:\Users\Fernando\oopsys\node_modules\loopback-connector-oracle\node_modules\instantclient;C:\Users\Fernando\AppData\Roaming\npm
USERNAME=Fernando
OS=Windows_NT
PROCESSOR_IDENTIFIER=Intel64 Family 6 Model 60 Stepping 3, GenuineIntel



---------------  S Y S T E M  ---------------

OS: Windows 8 , 64 bit Build 9200 

CPU:total 8 (4 cores per cpu, 2 threads per core) family 6 model 60 stepping 3, cmov, cx8, fxsr, mmx, sse, sse2, sse3, ssse3, sse4.1, sse4.2, popcnt, avx, avx2, aes, erms, ht, tsc, tscinvbit

Memory: 4k page, physical 16661632k(11148348k free), swap 33438848k(24633716k free)

vm_info: Java HotSpot(TM) 64-Bit Server VM (24.65-b04) for windows-amd64 JRE (1.7.0_65-b19), built on Jul  9 2014 17:47:07 by "java_re" with unknown MS VC++:1600

time: Sun Nov 23 20:38:09 2014
elapsed time: 244 seconds

